<?xml version="1.0" encoding="UTF-8"?>
<!-- Generated by org.testng.reporters.JUnitReportReporter -->
<testsuite skipped="0" hostname="DESKTOP-1DT07MH" name="org.project.Project1" tests="5" failures="0" timestamp="26 Sep 2022 03:54:21 GMT" time="114.619" errors="0">
  <testcase name="login" time="14.964" classname="org.project.Project1"/>
  <testcase name="productNavigation1" time="41.791" classname="org.project.Project1"/>
  <testcase name="productNavigation2" time="35.193" classname="org.project.Project1"/>
  <testcase name="checkOut" time="14.566" classname="org.project.Project1"/>
  <testcase name="logout" time="8.105" classname="org.project.Project1"/>
</testsuite> <!-- org.project.Project1 -->
