<?xml version="1.0" encoding="UTF-8"?>
<!-- Generated by org.testng.reporters.JUnitReportReporter -->
<testsuite skipped="0" hostname="DESKTOP-1DT07MH" name="org.project.CrossBrowser" tests="3" failures="0" timestamp="26 Sep 2022 03:55:17 GMT" time="9.148" errors="0">
  <testcase name="browsers" time="3.560" classname="org.project.CrossBrowser"/>
  <testcase name="browsers" time="2.995" classname="org.project.CrossBrowser"/>
  <testcase name="browsers" time="2.593" classname="org.project.CrossBrowser"/>
</testsuite> <!-- org.project.CrossBrowser -->
